#! /usr/share/iverilog-0.9.7/bin/vvp
:ivl_version "0.9.7 " "(v0_9_6)";
:vpi_time_precision + 0;
:vpi_module "system";
:vpi_module "v2005_math";
:vpi_module "va_math";
S_0x1337430 .scope module, "LabExerciseTwo_tb" "LabExerciseTwo_tb" 2 3;
 .timescale 0 0;
v0x137aec0_0 .net "G", 0 0, L_0x137aad0; 1 drivers
v0x137af60_0 .net "H", 0 0, L_0x137b600; 1 drivers
v0x137b010_0 .net "I", 0 0, L_0x137baf0; 1 drivers
v0x137b0c0_0 .var "a", 0 0;
v0x137b1a0_0 .var "b", 0 0;
v0x137b250_0 .var "c", 0 0;
S_0x135b7d0 .scope module, "l2" "LabExerciseTwo" 2 7, 3 2, S_0x1337430;
 .timescale 0 0;
L_0x137aad0 .functor BUFZ 1, v0x137b0c0_0, C4<0>, C4<0>, C4<0>;
L_0x137b320 .functor NOT 1, v0x137b0c0_0, C4<0>, C4<0>, C4<0>;
L_0x137b380 .functor AND 1, L_0x137b320, v0x137b1a0_0, C4<1>, C4<1>;
L_0x137b480 .functor NOT 1, v0x137b1a0_0, C4<0>, C4<0>, C4<0>;
L_0x137b4e0 .functor AND 1, v0x137b0c0_0, L_0x137b480, C4<1>, C4<1>;
L_0x137b600 .functor OR 1, L_0x137b380, L_0x137b4e0, C4<0>, C4<0>;
L_0x137b790 .functor NOT 1, v0x137b1a0_0, C4<0>, C4<0>, C4<0>;
L_0x137b880 .functor AND 1, L_0x137b790, v0x137b250_0, C4<1>, C4<1>;
L_0x137b980 .functor NOT 1, v0x137b250_0, C4<0>, C4<0>, C4<0>;
L_0x137b9e0 .functor AND 1, v0x137b1a0_0, L_0x137b980, C4<1>, C4<1>;
L_0x137baf0 .functor OR 1, L_0x137b880, L_0x137b9e0, C4<0>, C4<0>;
v0x135b8c0_0 .alias "G", 0 0, v0x137aec0_0;
v0x137a4b0_0 .alias "H", 0 0, v0x137af60_0;
v0x137a550_0 .alias "I", 0 0, v0x137b010_0;
v0x137a5f0_0 .net *"_s12", 0 0, L_0x137b790; 1 drivers
v0x137a6a0_0 .net *"_s14", 0 0, L_0x137b880; 1 drivers
v0x137a740_0 .net *"_s16", 0 0, L_0x137b980; 1 drivers
v0x137a820_0 .net *"_s18", 0 0, L_0x137b9e0; 1 drivers
v0x137a8c0_0 .net *"_s2", 0 0, L_0x137b320; 1 drivers
v0x137a9b0_0 .net *"_s4", 0 0, L_0x137b380; 1 drivers
v0x137aa50_0 .net *"_s6", 0 0, L_0x137b480; 1 drivers
v0x137ab50_0 .net *"_s8", 0 0, L_0x137b4e0; 1 drivers
v0x137abf0_0 .net "a", 0 0, v0x137b0c0_0; 1 drivers
v0x137ad00_0 .net "b", 0 0, v0x137b1a0_0; 1 drivers
v0x137ada0_0 .net "c", 0 0, v0x137b250_0; 1 drivers
    .scope S_0x1337430;
T_0 ;
    %vpi_call 2 9 "$dumpfile", "dump.vcd";
    %vpi_call 2 10 "$dumpvars", 2'sb01;
    %set/v v0x137b0c0_0, 0, 1;
    %set/v v0x137b1a0_0, 0, 1;
    %set/v v0x137b250_0, 0, 1;
    %delay 1, 0;
    %load/v 8, v0x137aec0_0, 1;
    %mov 9, 0, 1;
    %cmpi/u 8, 0, 2;
    %mov 8, 4, 1;
    %load/v 9, v0x137af60_0, 1;
    %mov 10, 0, 1;
    %cmpi/u 9, 0, 2;
    %mov 9, 4, 1;
    %and 8, 9, 1;
    %load/v 9, v0x137b010_0, 1;
    %mov 10, 0, 1;
    %cmpi/u 9, 0, 2;
    %mov 9, 4, 1;
    %and 8, 9, 1;
    %jmp/0xz  T_0.0, 8;
    %vpi_call 2 14 "$display", "%b%b%b passed", v0x137b0c0_0, v0x137b1a0_0, v0x137b250_0;
    %jmp T_0.1;
T_0.0 ;
    %vpi_call 2 14 "$error", "%b%b%b failed", v0x137b0c0_0, v0x137b1a0_0, v0x137b250_0;
T_0.1 ;
    %set/v v0x137b0c0_0, 0, 1;
    %set/v v0x137b1a0_0, 0, 1;
    %set/v v0x137b250_0, 1, 1;
    %delay 1, 0;
    %load/v 8, v0x137aec0_0, 1;
    %mov 9, 0, 1;
    %cmpi/u 8, 0, 2;
    %mov 8, 4, 1;
    %load/v 9, v0x137af60_0, 1;
    %mov 10, 0, 1;
    %cmpi/u 9, 0, 2;
    %mov 9, 4, 1;
    %and 8, 9, 1;
    %load/v 9, v0x137b010_0, 1;
    %mov 10, 0, 2;
    %cmpi/u 9, 1, 3;
    %mov 9, 4, 1;
    %and 8, 9, 1;
    %jmp/0xz  T_0.2, 8;
    %vpi_call 2 19 "$display", "%b%b%b passed", v0x137b0c0_0, v0x137b1a0_0, v0x137b250_0;
    %jmp T_0.3;
T_0.2 ;
    %vpi_call 2 19 "$error", "%b%b%b failed", v0x137b0c0_0, v0x137b1a0_0, v0x137b250_0;
T_0.3 ;
    %set/v v0x137b0c0_0, 0, 1;
    %set/v v0x137b1a0_0, 1, 1;
    %set/v v0x137b250_0, 0, 1;
    %delay 1, 0;
    %load/v 8, v0x137aec0_0, 1;
    %mov 9, 0, 1;
    %cmpi/u 8, 0, 2;
    %mov 8, 4, 1;
    %load/v 9, v0x137af60_0, 1;
    %mov 10, 0, 2;
    %cmpi/u 9, 1, 3;
    %mov 9, 4, 1;
    %and 8, 9, 1;
    %load/v 9, v0x137b010_0, 1;
    %mov 10, 0, 2;
    %cmpi/u 9, 1, 3;
    %mov 9, 4, 1;
    %and 8, 9, 1;
    %jmp/0xz  T_0.4, 8;
    %vpi_call 2 24 "$display", "%b%b%b passed", v0x137b0c0_0, v0x137b1a0_0, v0x137b250_0;
    %jmp T_0.5;
T_0.4 ;
    %vpi_call 2 24 "$error", "%b%b%b failed", v0x137b0c0_0, v0x137b1a0_0, v0x137b250_0;
T_0.5 ;
    %set/v v0x137b0c0_0, 0, 1;
    %set/v v0x137b1a0_0, 1, 1;
    %set/v v0x137b250_0, 1, 1;
    %delay 1, 0;
    %load/v 8, v0x137aec0_0, 1;
    %mov 9, 0, 1;
    %cmpi/u 8, 0, 2;
    %mov 8, 4, 1;
    %load/v 9, v0x137af60_0, 1;
    %mov 10, 0, 2;
    %cmpi/u 9, 1, 3;
    %mov 9, 4, 1;
    %and 8, 9, 1;
    %load/v 9, v0x137b010_0, 1;
    %mov 10, 0, 1;
    %cmpi/u 9, 0, 2;
    %mov 9, 4, 1;
    %and 8, 9, 1;
    %jmp/0xz  T_0.6, 8;
    %vpi_call 2 29 "$display", "%b%b%b passed", v0x137b0c0_0, v0x137b1a0_0, v0x137b250_0;
    %jmp T_0.7;
T_0.6 ;
    %vpi_call 2 29 "$error", "%b%b%b failed", v0x137b0c0_0, v0x137b1a0_0, v0x137b250_0;
T_0.7 ;
    %set/v v0x137b0c0_0, 1, 1;
    %set/v v0x137b1a0_0, 0, 1;
    %set/v v0x137b250_0, 0, 1;
    %delay 1, 0;
    %load/v 8, v0x137aec0_0, 1;
    %mov 9, 0, 2;
    %cmpi/u 8, 1, 3;
    %mov 8, 4, 1;
    %load/v 9, v0x137af60_0, 1;
    %mov 10, 0, 2;
    %cmpi/u 9, 1, 3;
    %mov 9, 4, 1;
    %and 8, 9, 1;
    %load/v 9, v0x137b010_0, 1;
    %mov 10, 0, 1;
    %cmpi/u 9, 0, 2;
    %mov 9, 4, 1;
    %and 8, 9, 1;
    %jmp/0xz  T_0.8, 8;
    %vpi_call 2 34 "$display", "%b%b%b passed", v0x137b0c0_0, v0x137b1a0_0, v0x137b250_0;
    %jmp T_0.9;
T_0.8 ;
    %vpi_call 2 34 "$error", "%b%b%b failed", v0x137b0c0_0, v0x137b1a0_0, v0x137b250_0;
T_0.9 ;
    %set/v v0x137b0c0_0, 1, 1;
    %set/v v0x137b1a0_0, 0, 1;
    %set/v v0x137b250_0, 1, 1;
    %delay 1, 0;
    %load/v 8, v0x137aec0_0, 1;
    %mov 9, 0, 2;
    %cmpi/u 8, 1, 3;
    %mov 8, 4, 1;
    %load/v 9, v0x137af60_0, 1;
    %mov 10, 0, 2;
    %cmpi/u 9, 1, 3;
    %mov 9, 4, 1;
    %and 8, 9, 1;
    %load/v 9, v0x137b010_0, 1;
    %mov 10, 0, 2;
    %cmpi/u 9, 1, 3;
    %mov 9, 4, 1;
    %and 8, 9, 1;
    %jmp/0xz  T_0.10, 8;
    %vpi_call 2 39 "$display", "%b%b%b passed", v0x137b0c0_0, v0x137b1a0_0, v0x137b250_0;
    %jmp T_0.11;
T_0.10 ;
    %vpi_call 2 39 "$error", "%b%b%b failed", v0x137b0c0_0, v0x137b1a0_0, v0x137b250_0;
T_0.11 ;
    %set/v v0x137b0c0_0, 1, 1;
    %set/v v0x137b1a0_0, 1, 1;
    %set/v v0x137b250_0, 0, 1;
    %delay 1, 0;
    %load/v 8, v0x137aec0_0, 1;
    %mov 9, 0, 2;
    %cmpi/u 8, 1, 3;
    %mov 8, 4, 1;
    %load/v 9, v0x137af60_0, 1;
    %mov 10, 0, 1;
    %cmpi/u 9, 0, 2;
    %mov 9, 4, 1;
    %and 8, 9, 1;
    %load/v 9, v0x137b010_0, 1;
    %mov 10, 0, 2;
    %cmpi/u 9, 1, 3;
    %mov 9, 4, 1;
    %and 8, 9, 1;
    %jmp/0xz  T_0.12, 8;
    %vpi_call 2 44 "$display", "%b%b%b passed", v0x137b0c0_0, v0x137b1a0_0, v0x137b250_0;
    %jmp T_0.13;
T_0.12 ;
    %vpi_call 2 44 "$error", "%b%b%b failed", v0x137b0c0_0, v0x137b1a0_0, v0x137b250_0;
T_0.13 ;
    %set/v v0x137b0c0_0, 1, 1;
    %set/v v0x137b1a0_0, 1, 1;
    %set/v v0x137b250_0, 1, 1;
    %delay 1, 0;
    %load/v 8, v0x137aec0_0, 1;
    %mov 9, 0, 2;
    %cmpi/u 8, 1, 3;
    %mov 8, 4, 1;
    %load/v 9, v0x137af60_0, 1;
    %mov 10, 0, 1;
    %cmpi/u 9, 0, 2;
    %mov 9, 4, 1;
    %and 8, 9, 1;
    %load/v 9, v0x137b010_0, 1;
    %mov 10, 0, 1;
    %cmpi/u 9, 0, 2;
    %mov 9, 4, 1;
    %and 8, 9, 1;
    %jmp/0xz  T_0.14, 8;
    %vpi_call 2 49 "$display", "%b%b%b passed", v0x137b0c0_0, v0x137b1a0_0, v0x137b250_0;
    %jmp T_0.15;
T_0.14 ;
    %vpi_call 2 49 "$error", "%b%b%b failed", v0x137b0c0_0, v0x137b1a0_0, v0x137b250_0;
T_0.15 ;
    %end;
    .thread T_0;
# The file index is used to find the file name in the following table.
:file_names 4;
    "N/A";
    "<interactive>";
    "testbench.sv";
    "design.sv";
